START DOWNLOAD DATA
WARNING: timestamping does nothing in combination with -O. See the manual
for details.

--2023-04-17 16:33:02--  https://climate.weather.gc.ca/climate_data/bulk_data_e.html?format=csv&stationID=48549&Year=2020&Month=2&Day=14&timeframe=1&submit=%20Download+Data
Resolving climate.weather.gc.ca (climate.weather.gc.ca)... 205.189.10.46
Connecting to climate.weather.gc.ca (climate.weather.gc.ca)|205.189.10.46|:443... connected.
HTTP request sent, awaiting response... 200 OK
Length: unspecified [application/force-download]
Saving to: ‘/home/alator20/wcd-assignments/week1/input/2020.csv’

     0K .......... .......... .......... .......... ..........  257K
    50K .......... .......... .......... .......... ..........  532K
   100K .......... .......... .......                           186M=0.3s

2023-04-17 16:33:03 (442 KB/s) - ‘/home/alator20/wcd-assignments/week1/input/2020.csv’ saved [130712]

WARNING: timestamping does nothing in combination with -O. See the manual
for details.

--2023-04-17 16:33:03--  https://climate.weather.gc.ca/climate_data/bulk_data_e.html?format=csv&stationID=48549&Year=2021&Month=2&Day=14&timeframe=1&submit=%20Download+Data
Resolving climate.weather.gc.ca (climate.weather.gc.ca)... 205.189.10.46
Connecting to climate.weather.gc.ca (climate.weather.gc.ca)|205.189.10.46|:443... connected.
HTTP request sent, awaiting response... 200 OK
Length: unspecified [application/force-download]
Saving to: ‘/home/alator20/wcd-assignments/week1/input/2021.csv’

     0K .......... .......... .......... .......... ..........  255K
    50K .......... .......... .......... .......... ..........  544K
   100K .......... .......... ...                              36.1M=0.3s

2023-04-17 16:33:04 (429 KB/s) - ‘/home/alator20/wcd-assignments/week1/input/2021.csv’ saved [126714]

WARNING: timestamping does nothing in combination with -O. See the manual
for details.

--2023-04-17 16:33:04--  https://climate.weather.gc.ca/climate_data/bulk_data_e.html?format=csv&stationID=48549&Year=2022&Month=2&Day=14&timeframe=1&submit=%20Download+Data
Resolving climate.weather.gc.ca (climate.weather.gc.ca)... 205.189.10.46
Connecting to climate.weather.gc.ca (climate.weather.gc.ca)|205.189.10.46|:443... connected.
HTTP request sent, awaiting response... 200 OK
Length: unspecified [application/force-download]
Saving to: ‘/home/alator20/wcd-assignments/week1/input/2022.csv’

     0K .......... .......... .......... .......... ..........  256K
    50K .......... .......... .......... .......... ..........  523K
   100K .......... .......... ...                               135M=0.3s

2023-04-17 16:33:04 (425 KB/s) - ‘/home/alator20/wcd-assignments/week1/input/2022.csv’ saved [126636]

Start to run Python Script
PROGRAM SUCCEEDED
