START DOWNLOAD DATA
WARNING: timestamping does nothing in combination with -O. See the manual
for details.

--2023-04-15 13:24:36--  https://climate.weather.gc.ca/climate_data/bulk_data_e.html?format=csv&stationID=48549&Year=2020&Month=2&Day=14&timeframe=1&submit=%20Download+Data
Resolving climate.weather.gc.ca (climate.weather.gc.ca)... 205.189.10.46
Connecting to climate.weather.gc.ca (climate.weather.gc.ca)|205.189.10.46|:443... connected.
HTTP request sent, awaiting response... 200 OK
Length: unspecified [application/force-download]
Saving to: ‘/home/alator20/wcd-assignments/week1/input/2020.csv’

     0K .......... .......... .......... .......... ..........  256K
    50K .......... .......... .......... .......... ..........  567K
   100K .......... .......... .......                          9.49M=0.3s

2023-04-15 13:24:37 (446 KB/s) - ‘/home/alator20/wcd-assignments/week1/input/2020.csv’ saved [130712]

WARNING: timestamping does nothing in combination with -O. See the manual
for details.

--2023-04-15 13:24:37--  https://climate.weather.gc.ca/climate_data/bulk_data_e.html?format=csv&stationID=48549&Year=2021&Month=2&Day=14&timeframe=1&submit=%20Download+Data
Resolving climate.weather.gc.ca (climate.weather.gc.ca)... 205.189.10.46
Connecting to climate.weather.gc.ca (climate.weather.gc.ca)|205.189.10.46|:443... connected.
HTTP request sent, awaiting response... 200 OK
Length: unspecified [application/force-download]
Saving to: ‘/home/alator20/wcd-assignments/week1/input/2021.csv’

     0K .......... .......... .......... .......... ..........  257K
    50K .......... .......... .......... .......... ..........  572K
   100K .......... .......... ...                              4.73M=0.3s

2023-04-15 13:24:38 (431 KB/s) - ‘/home/alator20/wcd-assignments/week1/input/2021.csv’ saved [126714]

WARNING: timestamping does nothing in combination with -O. See the manual
for details.

--2023-04-15 13:24:38--  https://climate.weather.gc.ca/climate_data/bulk_data_e.html?format=csv&stationID=48549&Year=2022&Month=2&Day=14&timeframe=1&submit=%20Download+Data
Resolving climate.weather.gc.ca (climate.weather.gc.ca)... 205.189.10.46
Connecting to climate.weather.gc.ca (climate.weather.gc.ca)|205.189.10.46|:443... connected.
HTTP request sent, awaiting response... 200 OK
Length: unspecified [application/force-download]
Saving to: ‘/home/alator20/wcd-assignments/week1/input/2022.csv’

     0K .......... .......... .......... .......... ..........  244K
    50K .......... .......... .......... .......... ..........  523K
   100K .......... .......... ...                              46.2M=0.3s

2023-04-15 13:24:39 (411 KB/s) - ‘/home/alator20/wcd-assignments/week1/input/2022.csv’ saved [126636]

Start to run Python Script
PROGRAM SUCCEEDED
